<?xml version="1.0" encoding="UTF-8"?>
<!-- Generated by org.testng.reporters.JUnitReportReporter -->
<testsuite skipped="0" hostname="DESKTOP-N6KKGVO" name="Selenuimexample.Ananttest" tests="1" failures="0" timestamp="2022-08-01T12:58:53 IST" time="0.011" errors="0">
  <testcase name="f" time="0.011" classname="Selenuimexample.Ananttest"/>
</testsuite> <!-- Selenuimexample.Ananttest -->
